23:33:34.844  257  DEBUG fr.sparna.rdf.xls2rdf.app.Convert - Will use output format : text/turtle
23:33:34.848  261  DEBUG fr.sparna.rdf.xls2rdf.app.Convert - Will use ModelWriter : fr.sparna.rdf.xls2rdf.OutputStreamModelWriter
23:33:35.603  1016 DEBUG f.s.rdf.xls2rdf.Xls2RdfConverter - Processing sheet: Sheet1
23:33:35.610  1023 INFO  f.sparna.rdf.xls2rdf.RdfizableSheet - Found proper property in header : http://vocabs.lter-europe.net/eLTER_CL/
23:33:35.611  1024 INFO  f.sparna.rdf.xls2rdf.RdfizableSheet - Found proper property in header : http://vocabs.lter-europe.net/EnvThes/
23:33:35.614  1027 INFO  f.sparna.rdf.xls2rdf.RdfizableSheet - Found proper property in header : http://www.w3.org/2004/02/skos/core#
23:33:35.615  1028 INFO  f.sparna.rdf.xls2rdf.RdfizableSheet - Found proper property in header : http://purl.org/pav/
23:33:35.616  1029 INFO  f.sparna.rdf.xls2rdf.RdfizableSheet - Found proper property in header : http://purl.org/dc/terms/
23:33:35.617  1030 INFO  f.sparna.rdf.xls2rdf.RdfizableSheet - Found proper property in header : https://w3id.org/iadopt/ont/
23:33:35.618  1031 INFO  f.sparna.rdf.xls2rdf.RdfizableSheet - Found proper property in header : http://qudt.org/schema/qudt/
23:33:35.619  1032 INFO  f.sparna.rdf.xls2rdf.RdfizableSheet - Found proper property in header : http://qudt.org/vocab/unit/
23:33:35.625  1038 INFO  f.sparna.rdf.xls2rdf.RdfizableSheet - Found proper property in header : https://spdx.org/licenses/CC0-1.0
23:33:35.650  1063 INFO  f.sparna.rdf.xls2rdf.RdfizableSheet - Found proper property in header : http://www.w3.org/2004/02/skos/core#prefLabel
23:33:35.651  1064 INFO  f.sparna.rdf.xls2rdf.RdfizableSheet - Found proper property in header : http://www.w3.org/2004/02/skos/core#altLabel
23:33:35.652  1065 INFO  f.sparna.rdf.xls2rdf.RdfizableSheet - Found proper property in header : http://www.w3.org/2004/02/skos/core#definition
23:33:35.652  1065 INFO  f.sparna.rdf.xls2rdf.RdfizableSheet - Found proper property in header : http://purl.org/dc/terms/source
23:33:35.652  1065 INFO  f.sparna.rdf.xls2rdf.RdfizableSheet - Found proper property in header : http://www.w3.org/2004/02/skos/core#broader
23:33:35.652  1065 INFO  f.sparna.rdf.xls2rdf.RdfizableSheet - Found proper property in header : http://www.w3.org/2004/02/skos/core#exactMatch
23:33:35.652  1065 INFO  f.sparna.rdf.xls2rdf.RdfizableSheet - Found proper property in header : http://www.w3.org/2004/02/skos/core#closeMatch
23:33:35.652  1065 INFO  f.sparna.rdf.xls2rdf.RdfizableSheet - Found proper property in header : http://www.w3.org/2004/02/skos/core#narrowMatch
23:33:35.652  1065 INFO  f.sparna.rdf.xls2rdf.RdfizableSheet - Found proper property in header : http://www.w3.org/2004/02/skos/core#related
23:33:35.652  1065 INFO  f.sparna.rdf.xls2rdf.RdfizableSheet - Found at least 2 headers with proper property declaration in the first 10 columns, title row is at index 19
23:33:35.653  1066 DEBUG f.s.rdf.xls2rdf.Xls2RdfConverter - Found title row at index 19
23:33:35.656  1069 DEBUG f.s.rdf.xls2rdf.Xls2RdfConverter - Adding value on header object "eLTER_CL" with lang en
23:33:35.658  1071 DEBUG f.s.rdf.xls2rdf.Xls2RdfConverter - Adding value on header object "eLTER_CL is a thesaurus for controlled lists used by the eLTER community" with lang en
23:33:35.659  1072 DEBUG f.s.rdf.xls2rdf.Xls2RdfConverter - Adding value on header object "https://spdx.org/licenses/CC0-1.0" with lang en
23:33:35.659  1072 DEBUG f.s.rdf.xls2rdf.Xls2RdfConverter - Adding value on header object "0.1.0" with lang en
23:33:35.659  1072 DEBUG f.s.rdf.xls2rdf.Xls2RdfConverter - Adding value on header object "2021-11-12T12:00+02:00" with lang en
23:33:35.659  1072 DEBUG f.s.rdf.xls2rdf.Xls2RdfConverter - Adding value on header object "2021-11-12T12:00+02:00" with lang en
23:33:35.660  1073 DEBUG f.s.rdf.xls2rdf.Xls2RdfConverter - Converting data with these column headers: 
23:33:35.660  1073 DEBUG f.s.rdf.xls2rdf.Xls2RdfConverter - ColumnHeader [originalValue=Identifier, language=Optional.empty, datatype=Optional.empty, property=null, declaredProperty=Identifier, inverse=false, parameters={}, id=null, reconcileOn=null, headerCell=Identifier]
23:33:35.662  1075 DEBUG f.s.rdf.xls2rdf.Xls2RdfConverter - ColumnHeader [originalValue=skos:prefLabel@en, language=Optional[en], datatype=Optional.empty, property=http://www.w3.org/2004/02/skos/core#prefLabel, declaredProperty=skos:prefLabel, inverse=false, parameters={}, id=null, reconcileOn=null, headerCell=skos:prefLabel@en]
23:33:35.662  1075 DEBUG f.s.rdf.xls2rdf.Xls2RdfConverter - ColumnHeader [originalValue=skos:altLabel@en(separator=","), language=Optional[en], datatype=Optional.empty, property=http://www.w3.org/2004/02/skos/core#altLabel, declaredProperty=skos:altLabel, inverse=false, parameters={separator=,}, id=null, reconcileOn=null, headerCell=skos:altLabel@en(separator=",")]
23:33:35.663  1076 DEBUG f.s.rdf.xls2rdf.Xls2RdfConverter - ColumnHeader [originalValue=skos:definition@en, language=Optional[en], datatype=Optional.empty, property=http://www.w3.org/2004/02/skos/core#definition, declaredProperty=skos:definition, inverse=false, parameters={}, id=null, reconcileOn=null, headerCell=skos:definition@en]
23:33:35.663  1076 DEBUG f.s.rdf.xls2rdf.Xls2RdfConverter - ColumnHeader [originalValue=dct:source(separator=","), language=Optional.empty, datatype=Optional.empty, property=http://purl.org/dc/terms/source, declaredProperty=dct:source, inverse=false, parameters={separator=,}, id=null, reconcileOn=null, headerCell=dct:source(separator=",")]
23:33:35.663  1076 DEBUG f.s.rdf.xls2rdf.Xls2RdfConverter - ColumnHeader [originalValue=skos:broader(separator=","), language=Optional.empty, datatype=Optional.empty, property=http://www.w3.org/2004/02/skos/core#broader, declaredProperty=skos:broader, inverse=false, parameters={separator=,}, id=null, reconcileOn=null, headerCell=skos:broader(separator=",")]
23:33:35.663  1076 DEBUG f.s.rdf.xls2rdf.Xls2RdfConverter - ColumnHeader [originalValue=skos:exactMatch(separator=","), language=Optional.empty, datatype=Optional.empty, property=http://www.w3.org/2004/02/skos/core#exactMatch, declaredProperty=skos:exactMatch, inverse=false, parameters={separator=,}, id=null, reconcileOn=null, headerCell=skos:exactMatch(separator=",")]
23:33:35.664  1077 DEBUG f.s.rdf.xls2rdf.Xls2RdfConverter - ColumnHeader [originalValue=skos:closeMatch(separator=","), language=Optional.empty, datatype=Optional.empty, property=http://www.w3.org/2004/02/skos/core#closeMatch, declaredProperty=skos:closeMatch, inverse=false, parameters={separator=,}, id=null, reconcileOn=null, headerCell=skos:closeMatch(separator=",")]
23:33:35.664  1077 DEBUG f.s.rdf.xls2rdf.Xls2RdfConverter - ColumnHeader [originalValue=skos:narrowMatch(separator=","), language=Optional.empty, datatype=Optional.empty, property=http://www.w3.org/2004/02/skos/core#narrowMatch, declaredProperty=skos:narrowMatch, inverse=false, parameters={separator=,}, id=null, reconcileOn=null, headerCell=skos:narrowMatch(separator=",")]
23:33:35.664  1077 DEBUG f.s.rdf.xls2rdf.Xls2RdfConverter - ColumnHeader [originalValue=skos:related(separator=","), language=Optional.empty, datatype=Optional.empty, property=http://www.w3.org/2004/02/skos/core#related, declaredProperty=skos:related, inverse=false, parameters={separator=,}, id=null, reconcileOn=null, headerCell=skos:related(separator=",")]
23:33:35.664  1077 DEBUG f.s.rdf.xls2rdf.Xls2RdfConverter - ColumnHeader [originalValue=iop:hasProperty, language=Optional.empty, datatype=Optional.empty, property=https://w3id.org/iadopt/ont/hasProperty, declaredProperty=iop:hasProperty, inverse=false, parameters={}, id=null, reconcileOn=null, headerCell=iop:hasProperty]
23:33:35.664  1077 DEBUG f.s.rdf.xls2rdf.Xls2RdfConverter - ColumnHeader [originalValue=iop:hasObjectOfInterest, language=Optional.empty, datatype=Optional.empty, property=https://w3id.org/iadopt/ont/hasObjectOfInterest, declaredProperty=iop:hasObjectOfInterest, inverse=false, parameters={}, id=null, reconcileOn=null, headerCell=iop:hasObjectOfInterest]
23:33:35.664  1077 DEBUG f.s.rdf.xls2rdf.Xls2RdfConverter - ColumnHeader [originalValue=iop:hasMatrix, language=Optional.empty, datatype=Optional.empty, property=https://w3id.org/iadopt/ont/hasMatrix, declaredProperty=iop:hasMatrix, inverse=false, parameters={}, id=null, reconcileOn=null, headerCell=iop:hasMatrix]
23:33:35.664  1077 DEBUG f.s.rdf.xls2rdf.Xls2RdfConverter - ColumnHeader [originalValue=iop:hasContextObject(separator=","), language=Optional.empty, datatype=Optional.empty, property=https://w3id.org/iadopt/ont/hasContextObject, declaredProperty=iop:hasContextObject, inverse=false, parameters={separator=,}, id=null, reconcileOn=null, headerCell=iop:hasContextObject(separator=",")]
23:33:35.664  1077 DEBUG f.s.rdf.xls2rdf.Xls2RdfConverter - ColumnHeader [originalValue=iop:hasConstraint(separator=","), language=Optional.empty, datatype=Optional.empty, property=https://w3id.org/iadopt/ont/hasConstraint, declaredProperty=iop:hasConstraint, inverse=false, parameters={separator=,}, id=null, reconcileOn=null, headerCell=iop:hasConstraint(separator=",")]
23:33:35.664  1077 DEBUG f.s.rdf.xls2rdf.Xls2RdfConverter - ColumnHeader [originalValue=skos:editorialNote@en, language=Optional[en], datatype=Optional.empty, property=http://www.w3.org/2004/02/skos/core#editorialNote, declaredProperty=skos:editorialNote, inverse=false, parameters={}, id=null, reconcileOn=null, headerCell=skos:editorialNote@en]
23:33:35.666  1079 DEBUG f.s.rdf.xls2rdf.Xls2RdfConverter - ColumnHeader [originalValue=dct:contributor(separator=","), language=Optional.empty, datatype=Optional.empty, property=http://purl.org/dc/terms/contributor, declaredProperty=dct:contributor, inverse=false, parameters={separator=,}, id=null, reconcileOn=null, headerCell=dct:contributor(separator=",")]
23:33:35.667  1080 DEBUG f.s.rdf.xls2rdf.Xls2RdfConverter - ColumnHeader [originalValue=dct:contributor(separator=","), language=Optional.empty, datatype=Optional.empty, property=http://purl.org/dc/terms/contributor, declaredProperty=dct:contributor, inverse=false, parameters={separator=,}, id=null, reconcileOn=null, headerCell=dct:contributor(separator=",")]
23:33:35.667  1080 DEBUG f.s.rdf.xls2rdf.Xls2RdfConverter - ColumnHeader [originalValue=skos:definition@de, language=Optional[de], datatype=Optional.empty, property=http://www.w3.org/2004/02/skos/core#definition, declaredProperty=skos:definition, inverse=false, parameters={}, id=null, reconcileOn=null, headerCell=skos:definition@de]
23:33:35.667  1080 INFO  f.s.rdf.xls2rdf.Xls2RdfConverter - Converting rows...
23:33:35.811  1224 INFO  f.s.rdf.xls2rdf.Xls2RdfConverter - Applying SKOS post-processings on the result
23:33:35.814  1227 DEBUG f.s.rdf.xls2rdf.SkosPostProcessor - Postprocessing : SkosPostProcessor
23:33:35.816  1229 DEBUG f.s.rdf.xls2rdf.SkosPostProcessor - Considering main resource like a ConceptScheme.
23:33:35.820  1233 DEBUG f.s.rdf.xls2rdf.SkosPostProcessor - Adding inverse skos:broader and skos:narrower
23:33:35.827  1240 DEBUG f.s.rdf.xls2rdf.SkosPostProcessor - Adding skos:inScheme
23:33:35.833  1246 DEBUG f.s.rdf.xls2rdf.SkosPostProcessor - Setting rdf:type skos:ConceptScheme to main resource
23:33:35.833  1246 DEBUG f.s.rdf.xls2rdf.SkosPostProcessor - Adding skos:hasTopConcept / skos:topConceptOf
23:33:35.838  1251 DEBUG f.s.rdf.xls2rdf.Xls2RdfConverter - Saving graph of 1754 statements generated from Sheet Sheet1
